<?xml version="1.0" encoding="UTF-8"?>
<testsuite name="com.hyeonjin.book.springboot.domain.posts.PostsRepositoryTest" tests="1" skipped="0" failures="0" errors="0" timestamp="2021-07-09T07:25:08" hostname="DESKTOP-9FU4ABI" time="1.575">
  <properties/>
  <testcase name="BaseTimeEntity_등록" classname="com.hyeonjin.book.springboot.domain.posts.PostsRepositoryTest" time="1.575"/>
  <system-out><![CDATA[16:24:55.414 [Test worker] DEBUG org.springframework.test.context.junit4.SpringJUnit4ClassRunner - SpringJUnit4ClassRunner constructor called with [class com.hyeonjin.book.springboot.domain.posts.PostsRepositoryTest]
16:24:55.437 [Test worker] DEBUG org.springframework.test.context.BootstrapUtils - Instantiating CacheAwareContextLoaderDelegate from class [org.springframework.test.context.cache.DefaultCacheAwareContextLoaderDelegate]
16:24:55.460 [Test worker] DEBUG org.springframework.test.context.BootstrapUtils - Instantiating BootstrapContext using constructor [public org.springframework.test.context.support.DefaultBootstrapContext(java.lang.Class,org.springframework.test.context.CacheAwareContextLoaderDelegate)]
16:24:55.513 [Test worker] DEBUG org.springframework.test.context.BootstrapUtils - Instantiating TestContextBootstrapper for test class [com.hyeonjin.book.springboot.domain.posts.PostsRepositoryTest] from class [org.springframework.boot.test.context.SpringBootTestContextBootstrapper]
16:24:55.557 [Test worker] INFO org.springframework.boot.test.context.SpringBootTestContextBootstrapper - Neither @ContextConfiguration nor @ContextHierarchy found for test class [com.hyeonjin.book.springboot.domain.posts.PostsRepositoryTest], using SpringBootContextLoader
16:24:55.564 [Test worker] DEBUG org.springframework.test.context.support.AbstractContextLoader - Did not detect default resource location for test class [com.hyeonjin.book.springboot.domain.posts.PostsRepositoryTest]: class path resource [com/hyeonjin/book/springboot/domain/posts/PostsRepositoryTest-context.xml] does not exist
16:24:55.568 [Test worker] DEBUG org.springframework.test.context.support.AbstractContextLoader - Did not detect default resource location for test class [com.hyeonjin.book.springboot.domain.posts.PostsRepositoryTest]: class path resource [com/hyeonjin/book/springboot/domain/posts/PostsRepositoryTestContext.groovy] does not exist
16:24:55.570 [Test worker] INFO org.springframework.test.context.support.AbstractContextLoader - Could not detect default resource locations for test class [com.hyeonjin.book.springboot.domain.posts.PostsRepositoryTest]: no resource found for suffixes {-context.xml, Context.groovy}.
16:24:55.571 [Test worker] INFO org.springframework.test.context.support.AnnotationConfigContextLoaderUtils - Could not detect default configuration classes for test class [com.hyeonjin.book.springboot.domain.posts.PostsRepositoryTest]: PostsRepositoryTest does not declare any static, non-private, non-final, nested classes annotated with @Configuration.
16:24:55.678 [Test worker] DEBUG org.springframework.test.context.support.ActiveProfilesUtils - Could not find an 'annotation declaring class' for annotation type [org.springframework.test.context.ActiveProfiles] and class [com.hyeonjin.book.springboot.domain.posts.PostsRepositoryTest]
16:24:55.833 [Test worker] DEBUG org.springframework.context.annotation.ClassPathScanningCandidateComponentProvider - Identified candidate component class: file [C:\Users\HyeonJin\Documents\book\projects\build\classes\java\main\com\hyeonjin\book\springboot\Application.class]
16:24:55.835 [Test worker] INFO org.springframework.boot.test.context.SpringBootTestContextBootstrapper - Found @SpringBootConfiguration com.hyeonjin.book.springboot.Application for test class com.hyeonjin.book.springboot.domain.posts.PostsRepositoryTest
16:24:56.023 [Test worker] DEBUG org.springframework.boot.test.context.SpringBootTestContextBootstrapper - @TestExecutionListeners is not present for class [com.hyeonjin.book.springboot.domain.posts.PostsRepositoryTest]: using defaults.
16:24:56.026 [Test worker] INFO org.springframework.boot.test.context.SpringBootTestContextBootstrapper - Loaded default TestExecutionListener class names from location [META-INF/spring.factories]: [org.springframework.boot.test.autoconfigure.restdocs.RestDocsTestExecutionListener, org.springframework.boot.test.autoconfigure.web.client.MockRestServiceServerResetTestExecutionListener, org.springframework.boot.test.autoconfigure.web.servlet.MockMvcPrintOnlyOnFailureTestExecutionListener, org.springframework.boot.test.autoconfigure.web.servlet.WebDriverTestExecutionListener, org.springframework.boot.test.mock.mockito.MockitoTestExecutionListener, org.springframework.boot.test.mock.mockito.ResetMocksTestExecutionListener, org.springframework.test.context.web.ServletTestExecutionListener, org.springframework.test.context.support.DirtiesContextBeforeModesTestExecutionListener, org.springframework.test.context.support.DependencyInjectionTestExecutionListener, org.springframework.test.context.support.DirtiesContextTestExecutionListener, org.springframework.test.context.transaction.TransactionalTestExecutionListener, org.springframework.test.context.jdbc.SqlScriptsTestExecutionListener]
16:24:56.076 [Test worker] INFO org.springframework.boot.test.context.SpringBootTestContextBootstrapper - Using TestExecutionListeners: [org.springframework.test.context.web.ServletTestExecutionListener@1b3d88bf, org.springframework.test.context.support.DirtiesContextBeforeModesTestExecutionListener@e199d8c, org.springframework.boot.test.mock.mockito.MockitoTestExecutionListener@2a3f175b, org.springframework.boot.test.autoconfigure.SpringBootDependencyInjectionTestExecutionListener@2c703413, org.springframework.test.context.support.DirtiesContextTestExecutionListener@5b7f2952, org.springframework.test.context.transaction.TransactionalTestExecutionListener@19c83a4c, org.springframework.test.context.jdbc.SqlScriptsTestExecutionListener@4b9f63e1, org.springframework.boot.test.autoconfigure.restdocs.RestDocsTestExecutionListener@6662162d, org.springframework.boot.test.autoconfigure.web.client.MockRestServiceServerResetTestExecutionListener@4475960a, org.springframework.boot.test.autoconfigure.web.servlet.MockMvcPrintOnlyOnFailureTestExecutionListener@1cb7de92, org.springframework.boot.test.autoconfigure.web.servlet.WebDriverTestExecutionListener@2c87268e, org.springframework.boot.test.mock.mockito.ResetMocksTestExecutionListener@5a228e4d]
16:24:56.081 [Test worker] DEBUG org.springframework.test.annotation.ProfileValueUtils - Retrieved @ProfileValueSourceConfiguration [null] for test class [com.hyeonjin.book.springboot.domain.posts.PostsRepositoryTest]
16:24:56.083 [Test worker] DEBUG org.springframework.test.annotation.ProfileValueUtils - Retrieved ProfileValueSource type [class org.springframework.test.annotation.SystemProfileValueSource] for class [com.hyeonjin.book.springboot.domain.posts.PostsRepositoryTest]
16:24:56.090 [Test worker] DEBUG org.springframework.test.annotation.ProfileValueUtils - Retrieved @ProfileValueSourceConfiguration [null] for test class [com.hyeonjin.book.springboot.domain.posts.PostsRepositoryTest]
16:24:56.090 [Test worker] DEBUG org.springframework.test.annotation.ProfileValueUtils - Retrieved ProfileValueSource type [class org.springframework.test.annotation.SystemProfileValueSource] for class [com.hyeonjin.book.springboot.domain.posts.PostsRepositoryTest]
16:24:56.091 [Test worker] DEBUG org.springframework.test.annotation.ProfileValueUtils - Retrieved @ProfileValueSourceConfiguration [null] for test class [com.hyeonjin.book.springboot.domain.posts.PostsRepositoryTest]
16:24:56.092 [Test worker] DEBUG org.springframework.test.annotation.ProfileValueUtils - Retrieved ProfileValueSource type [class org.springframework.test.annotation.SystemProfileValueSource] for class [com.hyeonjin.book.springboot.domain.posts.PostsRepositoryTest]
16:24:56.102 [Test worker] DEBUG org.springframework.test.context.support.AbstractDirtiesContextTestExecutionListener - Before test class: context [DefaultTestContext@1aac4d9a testClass = PostsRepositoryTest, testInstance = [null], testMethod = [null], testException = [null], mergedContextConfiguration = [WebMergedContextConfiguration@40d74ea1 testClass = PostsRepositoryTest, locations = '{}', classes = '{class com.hyeonjin.book.springboot.Application}', contextInitializerClasses = '[]', activeProfiles = '{}', propertySourceLocations = '{}', propertySourceProperties = '{org.springframework.boot.test.context.SpringBootTestContextBootstrapper=true}', contextCustomizers = set[org.springframework.boot.test.autoconfigure.properties.PropertyMappingContextCustomizer@0, org.springframework.boot.test.autoconfigure.web.servlet.WebDriverContextCustomizerFactory$Customizer@6e2f9127, org.springframework.boot.test.context.filter.ExcludeFilterContextCustomizer@2fc337a, org.springframework.boot.test.json.DuplicateJsonObjectContextCustomizerFactory$DuplicateJsonObjectContextCustomizer@2df68e98, org.springframework.boot.test.mock.mockito.MockitoContextCustomizer@0, org.springframework.boot.test.web.client.TestRestTemplateContextCustomizer@71e21ac1], resourceBasePath = 'src/main/webapp', contextLoader = 'org.springframework.boot.test.context.SpringBootContextLoader', parent = [null]], attributes = map['org.springframework.test.context.web.ServletTestExecutionListener.activateListener' -> true]], class annotated with @DirtiesContext [false] with mode [null].
16:24:56.104 [Test worker] DEBUG org.springframework.test.annotation.ProfileValueUtils - Retrieved @ProfileValueSourceConfiguration [null] for test class [com.hyeonjin.book.springboot.domain.posts.PostsRepositoryTest]
16:24:56.104 [Test worker] DEBUG org.springframework.test.annotation.ProfileValueUtils - Retrieved ProfileValueSource type [class org.springframework.test.annotation.SystemProfileValueSource] for class [com.hyeonjin.book.springboot.domain.posts.PostsRepositoryTest]
16:24:56.145 [Test worker] DEBUG org.springframework.test.context.support.TestPropertySourceUtils - Adding inlined properties to environment: {spring.jmx.enabled=false, org.springframework.boot.test.context.SpringBootTestContextBootstrapper=true, server.port=-1}

  .   ____          _            __ _ _
 /\\ / ___'_ __ _ _(_)_ __  __ _ \ \ \ \
( ( )\___ | '_ | '_| | '_ \/ _` | \ \ \ \
 \\/  ___)| |_)| | | | | || (_| |  ) ) ) )
  '  |____| .__|_| |_|_| |_\__, | / / / /
 =========|_|==============|___/=/_/_/_/
 :: Spring Boot ::        (v2.1.7.RELEASE)

2021-07-09 16:24:56.797  INFO 23992 --- [    Test worker] c.h.b.s.d.posts.PostsRepositoryTest      : Starting PostsRepositoryTest on DESKTOP-9FU4ABI with PID 23992 (started by HyeonJin in C:\Users\HyeonJin\Documents\book\projects)
2021-07-09 16:24:56.800  INFO 23992 --- [    Test worker] c.h.b.s.d.posts.PostsRepositoryTest      : No active profile set, falling back to default profiles: default
2021-07-09 16:24:58.625  INFO 23992 --- [    Test worker] .s.d.r.c.RepositoryConfigurationDelegate : Bootstrapping Spring Data repositories in DEFAULT mode.
2021-07-09 16:24:58.779  INFO 23992 --- [    Test worker] .s.d.r.c.RepositoryConfigurationDelegate : Finished Spring Data repository scanning in 141ms. Found 1 repository interfaces.
2021-07-09 16:24:59.673  INFO 23992 --- [    Test worker] trationDelegate$BeanPostProcessorChecker : Bean 'org.springframework.transaction.annotation.ProxyTransactionManagementConfiguration' of type [org.springframework.transaction.annotation.ProxyTransactionManagementConfiguration$$EnhancerBySpringCGLIB$$aab3a45d] is not eligible for getting processed by all BeanPostProcessors (for example: not eligible for auto-proxying)
2021-07-09 16:25:00.342  INFO 23992 --- [    Test worker] com.zaxxer.hikari.HikariDataSource       : HikariPool-1 - Starting...
2021-07-09 16:25:00.909  INFO 23992 --- [    Test worker] com.zaxxer.hikari.HikariDataSource       : HikariPool-1 - Start completed.
2021-07-09 16:25:01.181  INFO 23992 --- [    Test worker] o.hibernate.jpa.internal.util.LogHelper  : HHH000204: Processing PersistenceUnitInfo [
	name: default
	...]
2021-07-09 16:25:01.419  INFO 23992 --- [    Test worker] org.hibernate.Version                    : HHH000412: Hibernate Core {5.3.10.Final}
2021-07-09 16:25:01.425  INFO 23992 --- [    Test worker] org.hibernate.cfg.Environment            : HHH000206: hibernate.properties not found
2021-07-09 16:25:01.927  INFO 23992 --- [    Test worker] o.hibernate.annotations.common.Version   : HCANN000001: Hibernate Commons Annotations {5.0.4.Final}
2021-07-09 16:25:02.408  INFO 23992 --- [    Test worker] org.hibernate.dialect.Dialect            : HHH000400: Using dialect: org.hibernate.dialect.MySQL5InnoDBDialect
Hibernate: drop table if exists posts
Hibernate: create table posts (id bigint not null auto_increment, created_date datetime, modified_date datetime, author varchar(255), content Text not null, title varchar(500) not null, primary key (id)) engine=InnoDB
2021-07-09 16:25:04.117  INFO 23992 --- [    Test worker] o.h.t.schema.internal.SchemaCreatorImpl  : HHH000476: Executing import script 'org.hibernate.tool.schema.internal.exec.ScriptSourceInputNonExistentImpl@9660263'
2021-07-09 16:25:04.127  INFO 23992 --- [    Test worker] j.LocalContainerEntityManagerFactoryBean : Initialized JPA EntityManagerFactory for persistence unit 'default'
2021-07-09 16:25:06.552  INFO 23992 --- [    Test worker] o.s.s.concurrent.ThreadPoolTaskExecutor  : Initializing ExecutorService 'applicationTaskExecutor'
2021-07-09 16:25:06.819  WARN 23992 --- [    Test worker] aWebConfiguration$JpaWebMvcConfiguration : spring.jpa.open-in-view is enabled by default. Therefore, database queries may be performed during view rendering. Explicitly configure spring.jpa.open-in-view to disable this warning
2021-07-09 16:25:08.375  INFO 23992 --- [    Test worker] c.h.b.s.d.posts.PostsRepositoryTest      : Started PostsRepositoryTest in 12.207 seconds (JVM running for 15.135)
Hibernate: insert into posts (created_date, modified_date, author, content, title) values (?, ?, ?, ?, ?)
2021-07-09 16:25:09.437  INFO 23992 --- [    Test worker] o.h.h.i.QueryTranslatorFactoryInitiator  : HHH000397: Using ASTQueryTranslatorFactory
Hibernate: select posts0_.id as id1_0_, posts0_.created_date as created_2_0_, posts0_.modified_date as modified3_0_, posts0_.author as author4_0_, posts0_.content as content5_0_, posts0_.title as title6_0_ from posts posts0_
>>>>>>>>> createDate=2021-07-09T16:25:09.176, modifiedDate=2021-07-09T16:25:09.176
Hibernate: select posts0_.id as id1_0_, posts0_.created_date as created_2_0_, posts0_.modified_date as modified3_0_, posts0_.author as author4_0_, posts0_.content as content5_0_, posts0_.title as title6_0_ from posts posts0_
Hibernate: delete from posts where id=?
]]></system-out>
  <system-err><![CDATA[]]></system-err>
</testsuite>
